0 info it worked if it ends with ok
1 verbose cli [ '/usr/local/bin/node',
1 verbose cli   '/usr/local/bin/npm',
1 verbose cli   'install',
1 verbose cli   'https://github.com/pixelcog/para' ]
2 info using npm@2.14.7
3 info using node@v4.2.3
4 verbose install initial load of /Users/vadim/projects/theme/public/package.json
5 warn package.json theme@1.0.0 No repository field.
6 warn package.json theme@1.0.0 No README data
7 verbose installManyTop reading scoped package data from /Users/vadim/projects/theme/public/node_modules/autoprefixer/package.json
8 verbose installManyTop reading scoped package data from /Users/vadim/projects/theme/public/node_modules/bootstrap/package.json
9 verbose installManyTop reading scoped package data from /Users/vadim/projects/theme/public/node_modules/coffee-loader/package.json
10 verbose installManyTop reading scoped package data from /Users/vadim/projects/theme/public/node_modules/coffee-script/package.json
11 verbose installManyTop reading scoped package data from /Users/vadim/projects/theme/public/node_modules/css-loader/package.json
12 verbose installManyTop reading scoped package data from /Users/vadim/projects/theme/public/node_modules/extract-text-webpack-plugin/package.json
13 verbose installManyTop reading scoped package data from /Users/vadim/projects/theme/public/node_modules/file-loader/package.json
14 verbose installManyTop reading scoped package data from /Users/vadim/projects/theme/public/node_modules/jquery/package.json
15 verbose installManyTop reading scoped package data from /Users/vadim/projects/theme/public/node_modules/postcss-loader/package.json
16 verbose installManyTop reading scoped package data from /Users/vadim/projects/theme/public/node_modules/poststylus/package.json
17 verbose installManyTop reading scoped package data from /Users/vadim/projects/theme/public/node_modules/style-loader/package.json
18 verbose installManyTop reading scoped package data from /Users/vadim/projects/theme/public/node_modules/stylus/package.json
19 verbose installManyTop reading scoped package data from /Users/vadim/projects/theme/public/node_modules/stylus-relative-loader/package.json
20 verbose installManyTop reading scoped package data from /Users/vadim/projects/theme/public/node_modules/url-loader/package.json
21 verbose installManyTop reading scoped package data from /Users/vadim/projects/theme/public/node_modules/webpack/package.json
22 verbose installManyTop reading scoped package data from /Users/vadim/projects/theme/public/node_modules/webpack-glob-entries/package.json
23 info package.json coffee-loader@0.7.2 No license field.
24 info package.json webpack-glob-entries@1.0.1 No license field.
25 verbose readDependencies loading dependencies from /Users/vadim/projects/theme/public/package.json
26 silly cache add args [ 'https://github.com/pixelcog/para', null ]
27 verbose cache add spec https://github.com/pixelcog/para
28 silly cache add parsed spec Result {
28 silly cache add   raw: 'https://github.com/pixelcog/para',
28 silly cache add   scope: null,
28 silly cache add   name: null,
28 silly cache add   rawSpec: 'https://github.com/pixelcog/para',
28 silly cache add   spec: 'git+https://github.com/pixelcog/para.git',
28 silly cache add   type: 'hosted',
28 silly cache add   hosted:
28 silly cache add    { type: 'github',
28 silly cache add      ssh: 'git@github.com:pixelcog/para.git',
28 silly cache add      sshUrl: 'git+ssh://git@github.com/pixelcog/para.git',
28 silly cache add      httpsUrl: 'git+https://github.com/pixelcog/para.git',
28 silly cache add      gitUrl: 'git://github.com/pixelcog/para.git',
28 silly cache add      shortcut: 'github:pixelcog/para',
28 silly cache add      directUrl: 'https://raw.githubusercontent.com/pixelcog/para/master/package.json' } }
29 verbose addRemoteGit caching https://github.com/pixelcog/para
30 verbose addRemoteGit git+https://github.com/pixelcog/para.git is a repository hosted by github
31 silly tryClone cloning git+https://github.com/pixelcog/para.git via git+https://github.com/pixelcog/para.git
32 verbose tryClone https-github-com-pixelcog-para-git-b036aa2f not in flight; caching
33 info git [ 'clone',
33 info git   '--template=/Users/vadim/.npm/_git-remotes/_templates',
33 info git   '--mirror',
33 info git   'https://github.com/pixelcog/para.git',
33 info git   '/Users/vadim/.npm/_git-remotes/https-github-com-pixelcog-para-git-b036aa2f' ]
34 error git clone --template=/Users/vadim/.npm/_git-remotes/_templates --mirror https://github.com/pixelcog/para.git /Users/vadim/.npm/_git-remotes/https-github-com-pixelcog-para-git-b036aa2f: Cloning into bare repository '/Users/vadim/.npm/_git-remotes/https-github-com-pixelcog-para-git-b036aa2f'...
34 error git clone --template=/Users/vadim/.npm/_git-remotes/_templates --mirror https://github.com/pixelcog/para.git /Users/vadim/.npm/_git-remotes/https-github-com-pixelcog-para-git-b036aa2f: remote: Invalid username or password.
34 error git clone --template=/Users/vadim/.npm/_git-remotes/_templates --mirror https://github.com/pixelcog/para.git /Users/vadim/.npm/_git-remotes/https-github-com-pixelcog-para-git-b036aa2f: fatal: Authentication failed for 'https://github.com/pixelcog/para.git/'
35 verbose stack Error: Command failed: git clone --template=/Users/vadim/.npm/_git-remotes/_templates --mirror https://github.com/pixelcog/para.git /Users/vadim/.npm/_git-remotes/https-github-com-pixelcog-para-git-b036aa2f
35 verbose stack Cloning into bare repository '/Users/vadim/.npm/_git-remotes/https-github-com-pixelcog-para-git-b036aa2f'...
35 verbose stack remote: Invalid username or password.
35 verbose stack fatal: Authentication failed for 'https://github.com/pixelcog/para.git/'
35 verbose stack
35 verbose stack     at ChildProcess.exithandler (child_process.js:203:12)
35 verbose stack     at emitTwo (events.js:87:13)
35 verbose stack     at ChildProcess.emit (events.js:172:7)
35 verbose stack     at maybeClose (internal/child_process.js:818:16)
35 verbose stack     at Socket.<anonymous> (internal/child_process.js:319:11)
35 verbose stack     at emitOne (events.js:77:13)
35 verbose stack     at Socket.emit (events.js:169:7)
35 verbose stack     at Pipe._onclose (net.js:469:12)
36 verbose cwd /Users/vadim/projects/theme/public
37 error Darwin 16.0.0
38 error argv "/usr/local/bin/node" "/usr/local/bin/npm" "install" "https://github.com/pixelcog/para"
39 error node v4.2.3
40 error npm  v2.14.7
41 error code 128
42 error Command failed: git clone --template=/Users/vadim/.npm/_git-remotes/_templates --mirror https://github.com/pixelcog/para.git /Users/vadim/.npm/_git-remotes/https-github-com-pixelcog-para-git-b036aa2f
42 error Cloning into bare repository '/Users/vadim/.npm/_git-remotes/https-github-com-pixelcog-para-git-b036aa2f'...
42 error remote: Invalid username or password.
42 error fatal: Authentication failed for 'https://github.com/pixelcog/para.git/'
43 error If you need help, you may report this error at:
43 error     <https://github.com/npm/npm/issues>
44 verbose exit [ 1, true ]
